<?xml version="1.0" encoding="UTF-8"?>
<testsuite xmlns:xsi="http://www.w3.org/2001/XMLSchema-instance" xsi:noNamespaceSchemaLocation="https://maven.apache.org/surefire/maven-surefire-plugin/xsd/surefire-test-report.xsd" version="3.0.2" name="com.tenframework.core.engine.EngineTest" time="0.492" tests="8" errors="0" skipped="0" failures="0">
  <properties>
[...]
</properties>
  <testcase name="testMessageSubmissionWhenNotRunning" classname="com.tenframework.core.engine.EngineTest" time="0.006"/>
  <testcase name="testMessageSubmission" classname="com.tenframework.core.engine.EngineTest" time="0.158"/>
  <testcase name="testQueueCapacityAndSize" classname="com.tenframework.core.engine.EngineTest" time="0.0"/>
  <testcase name="testEngineStartStop" classname="com.tenframework.core.engine.EngineTest" time="0.102"/>
  <testcase name="testMultipleStartCalls" classname="com.tenframework.core.engine.EngineTest" time="0.112"/>
  <testcase name="testReferenceCountManagement" classname="com.tenframework.core.engine.EngineTest" time="0.002"/>
  <testcase name="testEngineThreadCheck" classname="com.tenframework.core.engine.EngineTest" time="0.103"/>
  <testcase name="testEngineCreation" classname="com.tenframework.core.engine.EngineTest" time="0.003"/>
</testsuite>